<?xml version="1.0" encoding="UTF-8"?>
<!-- Generated by org.testng.reporters.JUnitReportReporter -->
<testsuite hostname="DESKTOP-9G17K5G" failures="0" tests="1" name="com.qa.testscripts.GoogleSearch" time="0.363" errors="1" timestamp="2022-12-10T09:08:51 IST" skipped="0">
  <testcase classname="com.qa.testscripts.GoogleSearch" name="search" time="0.363">
    <error message="class jdk.proxy2.$Proxy13 cannot be cast to class java.util.List (jdk.proxy2.$Proxy13 is in module jdk.proxy2 of loader &#039;app&#039;; java.util.List is in module java.base of loader &#039;bootstrap&#039;)" type="java.lang.ClassCastException">
      <![CDATA[java.lang.ClassCastException: class jdk.proxy2.$Proxy13 cannot be cast to class java.util.List (jdk.proxy2.$Proxy13 is in module jdk.proxy2 of loader 'app'; java.util.List is in module java.base of loader 'bootstrap')
at com.qa.testscripts.GoogleSearch.search(GoogleSearch.java:21)
at java.base/jdk.internal.reflect.NativeMethodAccessorImpl.invoke0(Native Method)
at java.base/jdk.internal.reflect.NativeMethodAccessorImpl.invoke(NativeMethodAccessorImpl.java:77)
at java.base/jdk.internal.reflect.DelegatingMethodAccessorImpl.invoke(DelegatingMethodAccessorImpl.java:43)
at java.base/java.lang.reflect.Method.invoke(Method.java:568)
at org.testng.internal.MethodInvocationHelper.invokeMethod(MethodInvocationHelper.java:133)
at org.testng.internal.TestInvoker.invokeMethod(TestInvoker.java:598)
at org.testng.internal.TestInvoker.invokeTestMethod(TestInvoker.java:173)
at org.testng.internal.MethodRunner.runInSequence(MethodRunner.java:46)
at org.testng.internal.TestInvoker$MethodInvocationAgent.invoke(TestInvoker.java:824)
at org.testng.internal.TestInvoker.invokeTestMethods(TestInvoker.java:146)
at org.testng.internal.TestMethodWorker.invokeTestMethods(TestMethodWorker.java:146)
at org.testng.internal.TestMethodWorker.run(TestMethodWorker.java:128)
at java.base/java.util.concurrent.ThreadPoolExecutor.runWorker(ThreadPoolExecutor.java:1136)
at java.base/java.util.concurrent.ThreadPoolExecutor$Worker.run(ThreadPoolExecutor.java:635)
at java.base/java.lang.Thread.run(Thread.java:833)
]]>
    </error>
  </testcase> <!-- search -->
  <system-out/>
</testsuite> <!-- com.qa.testscripts.GoogleSearch -->
